<?xml version="1.0" encoding="UTF-8"?>
<!-- Generated by org.testng.reporters.JUnitXMLReporter -->
<testsuite hostname="Subhojit" ignored="0" name="Test" tests="4" failures="0" timestamp="03 Apr 2020 23:05:57 GMT" time="7.436" errors="0">
  <testcase name="thisIs" time="4.283" classname="Test_o1.Test_Get_Method_01"/>
  <testcase name="validateReport" time="1.882" classname="Test_o1.Test_Get_Method_01"/>
  <testcase name="test02" time="0.759" classname="Test_o1.ReadJson"/>
  <testcase name="test03" time="0.397" classname="Test_o1.ReadJson"/>
</testsuite> <!-- Test -->
