<?xml version="1.0" encoding="UTF-8"?>
<!-- Generated by org.testng.reporters.JUnitXMLReporter -->
<testsuite hostname="Subhojit" ignored="0" name="Test" tests="4" failures="0" timestamp="04 Apr 2020 00:41:13 GMT" time="7.125" errors="0">
  <testcase name="thisIs" time="4.485" classname="Test_o1.Test_Get_Method_01"/>
  <testcase name="validateReport" time="1.765" classname="Test_o1.Test_Get_Method_01"/>
  <testcase name="test02" time="0.611" classname="Test_o1.ReadJson"/>
  <testcase name="test03" time="0.0" classname="Test_o1.ReadJson">
    <skipped/>
  </testcase> <!-- test03 -->
</testsuite> <!-- Test -->
